<?xml version="1.0" encoding="UTF-8"?>
<testsuite xmlns:xsi="http://www.w3.org/2001/XMLSchema-instance" xsi:noNamespaceSchemaLocation="https://maven.apache.org/surefire/maven-surefire-plugin/xsd/surefire-test-report.xsd" name="examples.mock.InterpreterTest" time="0.066" tests="1" errors="0" skipped="0" failures="1">
  <properties>
[...]
</properties>
  <testcase name="testAdd34" classname="examples.mock.InterpreterTest" time="0.066">
    <failure message="value is:-1 ==&gt; expected: &lt;true&gt; but was: &lt;false&gt;" type="org.opentest4j.AssertionFailedError"><![CDATA[org.opentest4j.AssertionFailedError: value is:-1 ==> expected: <true> but was: <false>
	at examples.mock.InterpreterTest.testAdd34(InterpreterTest.java:38)
]]></failure>
    <system-err><![CDATA[got command:ADD
got op1:3
got op2:4
]]></system-err>
  </testcase>
</testsuite>